<?xml version="1.0" encoding="UTF-8"?>
<testng-results ignored="0" total="1" passed="1" failed="0" skipped="0">
  <reporter-output>
  </reporter-output>
  <suite started-at="2023-08-16T21:55:32 IST" name="Default suite" finished-at="2023-08-16T21:56:38 IST" duration-ms="65605">
    <groups>
    </groups>
    <test started-at="2023-08-16T21:55:32 IST" name="Default test" finished-at="2023-08-16T21:56:38 IST" duration-ms="65605">
      <class name="Test_layer.TestClass">
        <test-method signature="setUp()[pri:0, instance:Test_layer.TestClass@c88a337]" started-at="2023-08-16T21:55:32 IST" name="setUp" finished-at="2023-08-16T21:56:38 IST" duration-ms="65537" status="PASS">
          <reporter-output>
          </reporter-output>
        </test-method> <!-- setUp -->
      </class> <!-- Test_layer.TestClass -->
    </test> <!-- Default test -->
  </suite> <!-- Default suite -->
</testng-results>
